Run directory: results/iemocap_20260526_225707
Loading IEMOCAP features…
  trainval: 120 convs  |  test: 31 convs
  trainable parameters: 3,822,615

  Fold 0  train=96 dev=24 convs
    Ep   TrLoss   DevWF1    TeWF1       CE       FC       CL
     0   2.2637   0.0232   0.0574   2.1727   0.0000   4.5482
     5   1.8378   0.3798   0.3902   1.4285   0.0000   4.0923
    10   1.5425   0.5259   0.5227   1.1413   0.0000   4.0116
    15   1.3115   0.5638   0.6230   0.9155   0.0000   3.9596
    20   1.1791   0.5956   0.6352   0.7886   0.0000   3.9046
    25   1.1024   0.6040   0.6510   0.7160   0.0000   3.8644
    30   1.0370   0.6199   0.6339   0.6534   0.0000   3.8357
    35   0.9953   0.6228   0.6514   0.6130   0.0000   3.8227
    39   0.9903   0.6330   0.6424   0.6084   0.0000   3.8192
  [fold 0] WA 0.6375  WF1 0.6359  UF1 0.6078  (best ep 33)

=======================================================
  5-fold CV — Session-5 test
=======================================================

  Results saved → results/iemocap_20260526_225707/results.json

  Metric     Mean      Std      Min      Max
  --------------------------------------
  WA       0.6375   0.0000   0.6375   0.6375
  WF1      0.6359   0.0000   0.6359   0.6359
  UF1      0.6078   0.0000   0.6078   0.6078

  Per-class F1 (mean across folds):
    hap           0.3675
    sad           0.6418
    neu           0.7020
    ang           0.5914
    exc           0.7383
    fru           0.6059
