Run directory: results/iemocap_20260526_172039
Loading IEMOCAP features…
  trainval: 120 conversations  |  test (Session5): 31
  trainable parameters: 358,519
Run directory: results/iemocap_20260526_172042
Loading IEMOCAP features…
  trainval: 120 conversations  |  test (Session5): 31
  trainable parameters: 161,303

  Fold 0  train=80 dev=40 convs
    Ep   TrLoss   DevLoss   DevWF1   DevUF1    TeWF1
     0   1.8548    1.7430   0.0846   0.0648   0.1064
    10   0.0871    0.1043   0.5080   0.4889   0.5683
    20   0.0653    0.0886   0.5730   0.5638   0.5783
    24   0.0597    0.0865   0.5810   0.5762   0.5573
  [fold 0] WA 0.5512  WF1 0.5573  UF1 0.5468  (best ep 24)

  Fold 1  train=80 dev=40 convs
    Ep   TrLoss   DevLoss   DevWF1   DevUF1    TeWF1
     0   1.8450    1.6490   0.2746   0.2326   0.2223
    10   0.0902    0.0871   0.5686   0.5470   0.5030
    20   0.0651    0.0844   0.5500   0.5332   0.5290
    24   0.0609    0.0827   0.5858   0.5674   0.5266
  [fold 1] WA 0.5191  WF1 0.5266  UF1 0.5075  (best ep 24)

  Fold 2  train=80 dev=40 convs
    Ep   TrLoss   DevLoss   DevWF1   DevUF1    TeWF1
     0   1.7986    1.7016   0.2298   0.1818   0.1621
    10   0.0776    0.0812   0.5565   0.5626   0.5128
    20   0.0622    0.0815   0.5341   0.5374   0.4895
    24   0.0546    0.0761   0.5493   0.5496   0.5482
  [fold 2] WA 0.5660  WF1 0.5566  UF1 0.5213  (best ep 12)

=======================================================
  3-fold CV  —  Session-5 test set
=======================================================

  Results saved → results/iemocap_20260526_172042/results.json

  Metric     Mean      Std      Min      Max
  --------------------------------------
  WA       0.5454   0.0196   0.5191   0.5660
  WF1      0.5469   0.0143   0.5266   0.5573
  UF1      0.5252   0.0163   0.5075   0.5468

  Per-class F1 (mean across folds):
    hap           0.3226
    sad           0.6040
    neu           0.6594
    ang           0.5275
    exc           0.5533
    fru           0.4844
