Run directory: results/iemocap_20260526_220545
Loading IEMOCAP features…
  trainval: 120 convs  |  test: 31 convs
  trainable parameters: 13,533,975

  Fold 0  train=96 dev=24 convs
    Ep   TrLoss   DevWF1    TeWF1       CE       FC       CL
     0   2.8915   0.0227   0.0574   2.4648   0.4181   4.6111
     5   1.9718   0.4338   0.4090   1.4458   0.1575   3.9997
    10   1.7620   0.5110   0.5659   1.0858   0.3510   3.9537
    15   1.6853   0.5659   0.5855   0.9190   0.4680   3.9188
    20   1.5915   0.5876   0.6031   0.7747   0.5357   3.8823
    25   1.6288   0.5979   0.6370   0.6963   0.6839   3.8538
    29   1.6244   0.5916   0.6414   0.6733   0.7081   3.8459
  [fold 0] WA 0.6356  WF1 0.6370  UF1 0.6271  (best ep 25)

=======================================================
  5-fold CV — Session-5 test
=======================================================

  Results saved → results/iemocap_20260526_220545/results.json

  Metric     Mean      Std      Min      Max
  --------------------------------------
  WA       0.6356   0.0000   0.6356   0.6356
  WF1      0.6370   0.0000   0.6370   0.6370
  UF1      0.6271   0.0000   0.6271   0.6271

  Per-class F1 (mean across folds):
    hap           0.4881
    sad           0.6683
    neu           0.6421
    ang           0.6346
    exc           0.7483
    fru           0.5812
