Run directory: results/meld_20260526_174819
Building MELD speaker map from train split…
  speakers: 113 (112 regular + 1 background)
Loading MELD datasets…
  train: 968  dev: 108  test: 268 convs
  trainable parameters: 358,893

  Ep   TrLoss   DevLoss   DevWF1   DevUF1    TeWF1
--------------------------------------------------------
   0   1.5555    1.4924   0.3103   0.1397   0.3611
   1   1.4618    1.4364   0.3858   0.2096   0.4110
   2   1.4013    1.4048   0.4239   0.2474   0.4503
   3   1.3676    1.4106   0.4297   0.2527   0.4565
   4   1.3414    1.3855   0.4426   0.2733   0.4566
   5   1.3127    1.3871   0.4498   0.2749   0.4633
   6   0.9388    1.0230   0.4465   0.2812   0.4612
   7   0.6445    0.7430   0.4580   0.2877   0.4689
   8   0.4105    0.4875   0.4750   0.3131   0.4974
   9   0.2202    0.2805   0.4585   0.3140   0.4900
  10   0.0603    0.0943   0.4328   0.3129   0.4518
  11   0.0556    0.0919   0.4194   0.3112   0.4251
  12   0.0521    0.0946   0.3789   0.2884   0.4079
  13   0.0512    0.0953   0.4034   0.3035   0.4161
  14   0.0488    0.0954   0.4139   0.3131   0.4229
  15   0.0453    0.0961   0.3885   0.2915   0.4078
  16   0.0433    0.0995   0.3823   0.2940   0.4035
  17   0.0433    0.0973   0.3901   0.2955   0.4085
  18   0.0413    0.1035   0.3757   0.2833   0.3980
  19   0.0389    0.1063   0.4143   0.3060   0.4150
  20   0.0367    0.1070   0.3817   0.2850   0.4006
  21   0.0341    0.1130   0.4117   0.2981   0.4456
  22   0.0339    0.1255   0.3411   0.2558   0.3578
  23   0.0322    0.1149   0.4108   0.3045   0.4078
  24   0.0302    0.1264   0.4140   0.3003   0.4236

Best ep 8 | dev WF1 0.4750
  [fold 0] WA 0.5235  WF1 0.4974  UF1 0.3080  (best ep 8)

  Results saved → results/meld_20260526_174819/results.json

  Metric     Mean      Std      Min      Max
  --------------------------------------
  WA       0.5235   0.0000   0.5235   0.5235
  WF1      0.4974   0.0000   0.4974   0.4974
  UF1      0.3080   0.0000   0.3080   0.3080

  Per-class F1 (mean across folds):
    neutral       0.6688
    joy           0.3695
    surprise      0.3333
    anger         0.4307
    sadness       0.3161
    disgust       0.0000
    fear          0.0377
