Run directory: results/iemocap_20260526_163451
Loading IEMOCAP features…
  trainval: 120 conversations  |  test (Session5): 31
  trainable parameters: 1,009,463

  Fold 0  train=96 dev=24 convs
    Ep   TrLoss   DevLoss   DevWF1   DevUF1    TeWF1
     0   1.9605    1.7500   0.0931   0.0646   0.0906
    10   0.0678    0.0910   0.5395   0.5517   0.5045
    20   0.0428    0.0785   0.5822   0.5846   0.5422
    30   0.0369    0.0897   0.5426   0.5266   0.5493
    40   0.0293    0.0982   0.5578   0.5268   0.5474
    50   0.0212    0.0993   0.5969   0.5729   0.5136
    59   0.0170    0.1012   0.6016   0.6015   0.4890
  [fold 0] WA 0.5370  WF1 0.5231  UF1 0.5178  (best ep 44)

  Fold 1  train=96 dev=24 convs
    Ep   TrLoss   DevLoss   DevWF1   DevUF1    TeWF1
     0   1.9193    1.7001   0.1950   0.1378   0.1866
    10   0.0776    0.0691   0.5823   0.5550   0.5269
    20   0.0479    0.0641   0.6276   0.6148   0.5409
    30   0.0390    0.0648   0.6341   0.6250   0.5267
    40   0.0256    0.0816   0.6083   0.5938   0.4787
    50   0.0309    0.0674   0.6200   0.6089   0.5115
    59   0.0129    0.0874   0.6469   0.6226   0.4704
  [fold 1] WA 0.4889  WF1 0.4704  UF1 0.4646  (best ep 59)

  Fold 2  train=96 dev=24 convs
    Ep   TrLoss   DevLoss   DevWF1   DevUF1    TeWF1
     0   1.8794    1.7805   0.1322   0.1756   0.1631
    10   0.0773    0.0889   0.5324   0.5084   0.5123
    20   0.0490    0.0776   0.5721   0.5654   0.5132
    30   0.0399    0.0811   0.5868   0.5632   0.5455
    40   0.0277    0.0912   0.5683   0.5695   0.4471
    50   0.0229    0.0958   0.5851   0.5765   0.4256
    59   0.0255    0.0897   0.6097   0.5766   0.5133
  [fold 2] WA 0.5086  WF1 0.5133  UF1 0.5119  (best ep 59)

  Fold 3  train=96 dev=24 convs
    Ep   TrLoss   DevLoss   DevWF1   DevUF1    TeWF1
     0   1.9355    1.8610   0.0218   0.0332   0.0608
    10   0.0825    0.0739   0.5628   0.5616   0.4450
    20   0.0529    0.0684   0.6148   0.6028   0.4738
    30   0.0405    0.0621   0.6354   0.6329   0.4714
    40   0.0287    0.0647   0.6473   0.6454   0.4530
    50   0.0272    0.0761   0.6303   0.6232   0.4856
    59   0.0175    0.0800   0.6478   0.6414   0.4569
  [fold 3] WA 0.4951  WF1 0.4667  UF1 0.4540  (best ep 34)

  Fold 4  train=96 dev=24 convs
    Ep   TrLoss   DevLoss   DevWF1   DevUF1    TeWF1
     0   1.9147    1.8275   0.0950   0.1142   0.1482
    10   0.0799    0.1066   0.4442   0.4332   0.4973
    20   0.0470    0.1001   0.5303   0.5309   0.5719
    30   0.0362    0.1005   0.5146   0.5044   0.5687
    40   0.0281    0.1120   0.5310   0.5365   0.5515
    50   0.0239    0.1057   0.5603   0.5627   0.5777
    59   0.0179    0.1160   0.5592   0.5551   0.5681
  [fold 4] WA 0.5937  WF1 0.5914  UF1 0.5767  (best ep 58)

=======================================================
  5-fold CV  —  Session-5 test set
=======================================================

  Results saved → results/iemocap_20260526_163451/results.json

  Metric     Mean      Std      Min      Max
  --------------------------------------
  WA       0.5247   0.0383   0.4889   0.5937
  WF1      0.5130   0.0452   0.4667   0.5914
  UF1      0.5050   0.0438   0.4540   0.5767

  Per-class F1 (mean across folds):
    hap           0.3830
    sad           0.6141
    neu           0.5923
    ang           0.4505
    exc           0.6626
    fru           0.3273
