Run directory: results/meld_20260526_173620
Building MELD speaker map from train split…
  speakers: 113 (112 regular + 1 background)
Loading MELD datasets…
  train: 968  dev: 108  test: 268 convs
  trainable parameters: 342,877

  Ep   TrLoss   DevLoss   DevWF1   DevUF1    TeWF1
--------------------------------------------------------
   0   1.5763    1.5299   0.2751   0.1089   0.3250
   1   1.4703    1.4895   0.3180   0.1507   0.3686
   2   1.4188    1.4265   0.4058   0.2314   0.4339
   3   1.4005    1.4195   0.4378   0.2587   0.4412
   4   1.3511    1.3910   0.4597   0.2884   0.4588
   5   1.3276    1.3763   0.4508   0.2769   0.4536
   6   0.9641    1.0130   0.4776   0.3146   0.4685
   7   0.6653    0.7135   0.4647   0.2978   0.4621
   8   0.4244    0.4676   0.4851   0.3268   0.4770
   9   0.2265    0.2668   0.4808   0.3248   0.4789
  10   0.0656    0.0835   0.4288   0.3357   0.4409
  11   0.0616    0.0830   0.3989   0.3139   0.4120
  12   0.0596    0.0803   0.4039   0.3196   0.4200
  13   0.0580    0.0836   0.3925   0.3158   0.4090
  14   0.0565    0.0921   0.3532   0.2986   0.3637
  15   0.0551    0.0852   0.4158   0.3197   0.4296
  16   0.0543    0.0898   0.3397   0.2875   0.3543
  17   0.0530    0.0869   0.3840   0.3040   0.4067
  18   0.0506    0.0896   0.3714   0.2991   0.3913
  19   0.0505    0.0907   0.3313   0.2759   0.3588
  20   0.0479    0.0927   0.3869   0.3051   0.4093
  21   0.0466    0.0932   0.3422   0.2878   0.3742
  22   0.0437    0.0985   0.3324   0.2760   0.3471
  23   0.0436    0.0998   0.4001   0.3076   0.4017
  24   0.0439    0.0913   0.3755   0.2977   0.3912

Best ep 8 | dev WF1 0.4851
  [fold 0] WA 0.5158  WF1 0.4770  UF1 0.2750  (best ep 8)

  Results saved → results/meld_20260526_173620/results.json

  Metric     Mean      Std      Min      Max
  --------------------------------------
  WA       0.5158   0.0000   0.5158   0.5158
  WF1      0.4770   0.0000   0.4770   0.4770
  UF1      0.2750   0.0000   0.2750   0.2750

  Per-class F1 (mean across folds):
    neutral       0.6750
    joy           0.3427
    surprise      0.2775
    anger         0.3697
    sadness       0.2601
    disgust       0.0000
    fear          0.0000
