Run directory: results/iemocap_20260526_223526
Loading IEMOCAP features…
  trainval: 120 convs  |  test: 31 convs
  trainable parameters: 3,822,615

  Fold 0  train=96 dev=24 convs
    Ep   TrLoss   DevWF1    TeWF1       CE       FC       CL
     0   3.1254   0.0235   0.0576   2.1732   1.0766   4.5475
     5   2.2476   0.3823   0.3882   1.4132   0.5302   4.1029
    10   2.1601   0.3950   0.4908   1.1789   0.7247   4.0143
    15   2.0033   0.5527   0.5605   0.9769   0.7861   3.9759
    20   2.0674   0.5528   0.5856   0.9173   0.9478   3.9187
    25   2.0331   0.5805   0.5917   0.8077   1.0484   3.8665
    30   2.1348   0.6037   0.6159   0.7292   1.2783   3.8294
    35   2.1512   0.5952   0.6180   0.6800   1.3619   3.8167
    39   2.1244   0.6044   0.6262   0.6711   1.3400   3.8128
  [fold 0] WA 0.6301  WF1 0.6287  UF1 0.6062  (best ep 37)

=======================================================
  5-fold CV — Session-5 test
=======================================================

  Results saved → results/iemocap_20260526_223526/results.json

  Metric     Mean      Std      Min      Max
  --------------------------------------
  WA       0.6301   0.0000   0.6301   0.6301
  WF1      0.6287   0.0000   0.6287   0.6287
  UF1      0.6062   0.0000   0.6062   0.6062

  Per-class F1 (mean across folds):
    hap           0.3827
    sad           0.6103
    neu           0.6888
    ang           0.6400
    exc           0.7203
    fru           0.5953
