Run directory: results/iemocap_20260527_002718
Loading IEMOCAP features…
  trainval: 120 convs  |  test: 31 convs
  trainable parameters: 13,533,975

  Fold 0  train=96 dev=24 convs
    Ep   TrLoss   DevWF1    TeWF1       CE       FC       CL
     0   2.6897   0.0463   0.0823   2.5976   0.0000   4.6026
     5   1.7759   0.4248   0.4292   1.3714   0.0000   4.0447
    10   1.5512   0.5263   0.5790   1.1511   0.0000   4.0016
    15   1.4169   0.5670   0.5684   1.0195   0.0000   3.9748
    20   1.2861   0.5868   0.5703   0.8935   0.0000   3.9259
    25   1.1390   0.6053   0.6311   0.7496   0.0000   3.8936
    30   1.0647   0.5985   0.6145   0.6776   0.0000   3.8706
    35   1.0079   0.6091   0.6366   0.6224   0.0000   3.8556
    39   0.9918   0.6096   0.6334   0.6066   0.0000   3.8520
  [fold 0] WA 0.6332  WF1 0.6366  UF1 0.6242  (best ep 26)

  Fold 1  train=96 dev=24 convs
    Ep   TrLoss   DevWF1    TeWF1       CE       FC       CL
     0   2.5004   0.1496   0.1744   2.4093   0.0000   4.5532
     5   1.7596   0.3972   0.4229   1.3600   0.0000   3.9964
    10   1.4957   0.5630   0.4990   1.1017   0.0000   3.9401
    15   1.3243   0.5748   0.5485   0.9377   0.0000   3.8663
    20   1.1846   0.6566   0.6474   0.8097   0.0000   3.7493
    25   1.0795   0.6611   0.6108   0.7106   0.0000   3.6887
    30   1.0127   0.6428   0.6339   0.6462   0.0000   3.6658
    35   0.9519   0.6434   0.6522   0.5870   0.0000   3.6483
    39   0.9347   0.6498   0.6441   0.5701   0.0000   3.6460
  [fold 1] WA 0.6289  WF1 0.6268  UF1 0.6117  (best ep 28)

  Fold 2  train=96 dev=24 convs
    Ep   TrLoss   DevWF1    TeWF1       CE       FC       CL
     0   2.3984   0.0181   0.0277   2.3073   0.0000   4.5568
     5   1.7775   0.3948   0.3443   1.3746   0.0000   4.0284
    10   1.6249   0.4412   0.3884   1.2290   0.0000   3.9596
    15   1.3098   0.5524   0.5487   0.9194   0.0000   3.9039
    20   1.1893   0.5728   0.5242   0.8048   0.0000   3.8450
    25   1.0559   0.6103   0.6345   0.6771   0.0000   3.7879
    30   0.9592   0.6199   0.6575   0.5858   0.0000   3.7345
    35   0.9139   0.6178   0.6382   0.5431   0.0000   3.7088
    39   0.9161   0.6282   0.6436   0.5456   0.0000   3.7048
  [fold 2] WA 0.6424  WF1 0.6441  UF1 0.6388  (best ep 38)

  Fold 3  train=96 dev=24 convs
    Ep   TrLoss   DevWF1    TeWF1       CE       FC       CL
     0   2.8089   0.0420   0.0199   2.7172   0.0000   4.5845
     5   1.9587   0.3252   0.3152   1.5547   0.0000   4.0400
    10   1.6499   0.4607   0.4856   1.2525   0.0000   3.9739
    15   1.4511   0.3924   0.4086   1.0604   0.0000   3.9074
    20   1.3018   0.5127   0.5063   0.9180   0.0000   3.8383
    25   1.1737   0.6252   0.6421   0.7975   0.0000   3.7619
    30   1.0630   0.6442   0.6283   0.6907   0.0000   3.7233
    35   1.0061   0.6356   0.6332   0.6358   0.0000   3.7028
    39   0.9944   0.6428   0.6387   0.6244   0.0000   3.6992
  [fold 3] WA 0.6430  WF1 0.6451  UF1 0.6305  (best ep 36)

  Fold 4  train=96 dev=24 convs
    Ep   TrLoss   DevWF1    TeWF1       CE       FC       CL
     0   2.4606   0.0751   0.0908   2.3690   0.0000   4.5767
     5   1.7331   0.3962   0.4939   1.3225   0.0000   4.1065
    10   1.4582   0.4395   0.5584   1.0567   0.0000   4.0150
    15   1.3050   0.4803   0.6036   0.9074   0.0000   3.9766
    20   1.1787   0.5070   0.6490   0.7838   0.0000   3.9490
    25   1.0684   0.4862   0.6286   0.6767   0.0000   3.9161
    30   0.9758   0.5308   0.6647   0.5874   0.0000   3.8840
    35   0.9318   0.5364   0.6488   0.5454   0.0000   3.8632
    39   0.9211   0.5335   0.6631   0.5352   0.0000   3.8587
  [fold 4] WA 0.6714  WF1 0.6699  UF1 0.6601  (best ep 28)

=======================================================
  5-fold CV — Session-5 test
=======================================================

  Results saved → results/iemocap_20260527_002718/results.json

  Metric     Mean      Std      Min      Max
  --------------------------------------
  WA       0.6438   0.0148   0.6289   0.6714
  WF1      0.6445   0.0143   0.6268   0.6699
  UF1      0.6331   0.0162   0.6117   0.6601

  Per-class F1 (mean across folds):
    hap           0.5058
    sad           0.6754
    neu           0.6810
    ang           0.6296
    exc           0.7168
    fru           0.5899
