Run directory: results/iemocap_20260526_171236
Loading IEMOCAP features…
  trainval: 120 conversations  |  test (Session5): 31
  trainable parameters: 377,463

  Fold 0  train=80 dev=40 convs
    Ep   TrLoss   DevLoss   DevWF1   DevUF1    TeWF1
     0   1.8576    1.7040   0.1756   0.1602   0.1523
    10   0.0790    0.1048   0.5224   0.5028   0.5423
    20   0.0569    0.0802   0.5875   0.5832   0.5391
    24   0.0543    0.0897   0.5846   0.5763   0.5483
  [fold 0] WA 0.5475  WF1 0.5391  UF1 0.5295  (best ep 20)

  Fold 1  train=80 dev=40 convs
    Ep   TrLoss   DevLoss   DevWF1   DevUF1    TeWF1
     0   1.9227    1.6903   0.1461   0.0942   0.1563
    10   0.0805    0.0872   0.5544   0.5294   0.4938
    20   0.0586    0.0844   0.5526   0.5333   0.4488
    24   0.0512    0.0850   0.5984   0.5699   0.4994
  [fold 1] WA 0.4982  WF1 0.4994  UF1 0.4941  (best ep 24)

  Fold 2  train=80 dev=40 convs
    Ep   TrLoss   DevLoss   DevWF1   DevUF1    TeWF1
     0   1.8081    1.7553   0.1407   0.1283   0.1486
    10   0.0700    0.0894   0.5276   0.5463   0.5261
    20   0.0521    0.0950   0.5060   0.5030   0.5261
    24   0.0462    0.0745   0.5917   0.5823   0.5515
  [fold 2] WA 0.5395  WF1 0.5515  UF1 0.5356  (best ep 24)

=======================================================
  3-fold CV  —  Session-5 test set
=======================================================

  Results saved → results/iemocap_20260526_171236/results.json

  Metric     Mean      Std      Min      Max
  --------------------------------------
  WA       0.5284   0.0216   0.4982   0.5475
  WF1      0.5300   0.0222   0.4994   0.5515
  UF1      0.5197   0.0183   0.4941   0.5356

  Per-class F1 (mean across folds):
    hap           0.3949
    sad           0.6363
    neu           0.6375
    ang           0.4727
    exc           0.6108
    fru           0.3661
