Run directory: results/iemocap_20260526_222344
Loading IEMOCAP features…
  trainval: 120 convs  |  test: 31 convs
  trainable parameters: 13,533,975

  Fold 0  train=96 dev=24 convs
    Ep   TrLoss   DevWF1    TeWF1       CE       FC       CL
     0   3.1956   0.0227   0.0574   2.5966   0.6336   4.6052
     5   2.0199   0.3757   0.3977   1.3936   0.2763   4.0534
    10   1.8181   0.4374   0.4306   1.1166   0.3781   3.9905
    15   1.6822   0.5464   0.5819   0.9186   0.4598   3.9573
    20   1.6053   0.5634   0.5713   0.8033   0.5116   3.9267
    25   1.6510   0.5692   0.6111   0.7292   0.6652   3.8959
    30   1.7201   0.5767   0.6060   0.6356   0.8715   3.8730
    35   1.7477   0.5950   0.6369   0.5911   0.9632   3.8606
    39   1.7376   0.6086   0.6394   0.5810   0.9635   3.8585
  [fold 0] WA 0.6369  WF1 0.6408  UF1 0.6336  (best ep 37)

=======================================================
  5-fold CV — Session-5 test
=======================================================

  Results saved → results/iemocap_20260526_222344/results.json

  Metric     Mean      Std      Min      Max
  --------------------------------------
  WA       0.6369   0.0000   0.6369   0.6369
  WF1      0.6408   0.0000   0.6408   0.6408
  UF1      0.6336   0.0000   0.6336   0.6336

  Per-class F1 (mean across folds):
    hap           0.5648
    sad           0.6583
    neu           0.6881
    ang           0.6250
    exc           0.6748
    fru           0.5909
