Run directory: results/iemocap_20260526_201508
Loading IEMOCAP features…
  trainval: 120 convs  |  test: 31 convs
  trainable parameters: 13,533,975

  Fold 0  train=96 dev=24 convs
    Ep   TrLoss   DevWF1    TeWF1       CE       FC       CL
     0   3.1958   0.0227   0.0574   2.5968   0.6336   4.6052
     5   2.0361   0.3743   0.3879   1.3968   0.2923   4.0541
    10   1.8248   0.4663   0.4642   1.1304   0.3684   3.9971
    15   1.7259   0.5059   0.4958   0.9704   0.4490   3.9627
    20   1.6132   0.5613   0.5769   0.8294   0.4886   3.9299
    25   1.7234   0.5924   0.6169   0.7566   0.7207   3.9026
    30   1.7398   0.6010   0.5897   0.6497   0.8778   3.8789
    35   1.7727   0.6088   0.6167   0.6144   0.9645   3.8663
    39   1.7550   0.6160   0.6183   0.6000   0.9607   3.8643
  [fold 0] WA 0.6153  WF1 0.6183  UF1 0.6076  (best ep 39)

  Fold 1  train=96 dev=24 convs
    Ep   TrLoss   DevWF1    TeWF1       CE       FC       CL
     0   3.0727   0.1428   0.1754   2.4293   0.6905   4.5526
     5   1.9373   0.3492   0.4325   1.4093   0.1596   4.0032
    10   1.7749   0.5178   0.4725   1.1172   0.3318   3.9220
    15   1.6758   0.6179   0.6007   0.8961   0.4958   3.8309
    20   1.6610   0.6336   0.5885   0.7647   0.6547   3.7256
    25   1.7366   0.6662   0.6394   0.6628   0.8828   3.6755
    30   1.7253   0.6445   0.6207   0.5862   0.9672   3.6531
    35   1.7740   0.6560   0.6459   0.5545   1.0692   3.6411
    39   1.7579   0.6556   0.6402   0.5349   1.0740   3.6384
  [fold 1] WA 0.6597  WF1 0.6622  UF1 0.6519  (best ep 26)

  Fold 2  train=96 dev=24 convs
    Ep   TrLoss   DevWF1    TeWF1       CE       FC       CL
     0   3.0493   0.0471   0.0921   2.2436   0.8932   4.5539
     5   1.9775   0.3206   0.2430   1.4093   0.2039   4.0512
    10   1.9315   0.5122   0.4938   1.2224   0.3883   3.9844
    15   1.7427   0.5442   0.5407   1.0075   0.4293   3.9178
    20   1.7258   0.5493   0.5341   0.8397   0.6248   3.8626
    25   1.7366   0.6107   0.6191   0.7080   0.8131   3.7817
    30   1.7976   0.6155   0.6513   0.6107   1.0169   3.7345
    35   1.7574   0.6305   0.6568   0.5619   1.0297   3.7167
    39   1.7894   0.6328   0.6551   0.5542   1.0798   3.7135
  [fold 2] WA 0.6541  WF1 0.6551  UF1 0.6489  (best ep 39)

  Fold 3  train=96 dev=24 convs
    Ep   TrLoss   DevWF1    TeWF1       CE       FC       CL
     0   3.3582   0.0510   0.0248   2.7176   0.6862   4.5845
     5   2.0256   0.2137   0.2987   1.5460   0.0956   4.0317
    10   1.8662   0.3949   0.4129   1.3024   0.2058   3.9909
    15   1.7570   0.4479   0.5109   1.1045   0.3247   3.9263
    20   1.6556   0.5016   0.5504   0.9306   0.4228   3.8674
    25   1.6896   0.5402   0.5909   0.8132   0.6219   3.7887
    30   1.6536   0.6197   0.5998   0.7087   0.7134   3.7415
    35   1.6635   0.6187   0.6485   0.6564   0.7933   3.7247
    39   1.6975   0.6208   0.6529   0.6391   0.8578   3.7212
  [fold 3] WA 0.6289  WF1 0.6301  UF1 0.6188  (best ep 32)

  Fold 4  train=96 dev=24 convs
    Ep   TrLoss   DevWF1    TeWF1       CE       FC       CL
     0   2.9023   0.0620   0.0725   2.3659   0.5560   4.5770
     5   1.9328   0.3062   0.4478   1.3976   0.1544   4.1167
    10   1.8247   0.4165   0.5274   1.0960   0.4100   4.0067
    15   1.7062   0.4414   0.5499   0.9102   0.4987   3.9706
    20   1.6512   0.5034   0.6026   0.7898   0.5850   3.9336
    25   1.6126   0.5016   0.6016   0.6562   0.7091   3.8909
    30   1.6681   0.5341   0.6711   0.5908   0.8645   3.8573
    35   1.7137   0.5536   0.6534   0.5532   0.9721   3.8277
    39   1.6646   0.5493   0.6473   0.5320   0.9380   3.8215
  [fold 4] WA 0.6498  WF1 0.6534  UF1 0.6454  (best ep 35)

=======================================================
  5-fold CV — Session-5 test
=======================================================

  Results saved → results/iemocap_20260526_201508/results.json

  Metric     Mean      Std      Min      Max
  --------------------------------------
  WA       0.6416   0.0168   0.6153   0.6597
  WF1      0.6439   0.0167   0.6183   0.6622
  UF1      0.6345   0.0179   0.6076   0.6519

  Per-class F1 (mean across folds):
    hap           0.5205
    sad           0.6815
    neu           0.6755
    ang           0.6344
    exc           0.7051
    fru           0.5903
