Run directory: results/iemocap_20260526_234257
Loading IEMOCAP features…
  trainval: 120 convs  |  test: 31 convs
  trainable parameters: 13,533,975

  Fold 0  train=96 dev=24 convs
    Ep   TrLoss   DevWF1    TeWF1       CE       FC       CL
     0   2.6850   0.0358   0.0586   2.5929   0.0000   4.6041
     5   1.7844   0.3845   0.4149   1.3787   0.0000   4.0570
    10   1.5770   0.4549   0.5004   1.1769   0.0000   4.0011
    15   1.3456   0.5562   0.6054   0.9516   0.0000   3.9394
    20   1.2539   0.5455   0.6051   0.8657   0.0000   3.8818
    25   1.1488   0.5860   0.6564   0.7689   0.0000   3.7992
    30   1.0440   0.6192   0.6416   0.6696   0.0000   3.7444
    35   1.0057   0.5991   0.6398   0.6328   0.0000   3.7288
    39   0.9939   0.6081   0.6525   0.6212   0.0000   3.7273
  [fold 0] WA 0.6387  WF1 0.6416  UF1 0.6297  (best ep 30)

  Fold 1  train=96 dev=24 convs
    Ep   TrLoss   DevWF1    TeWF1       CE       FC       CL
     0   2.5001   0.1494   0.1733   2.4091   0.0000   4.5532
     5   1.8081   0.3866   0.3705   1.4089   0.0000   3.9923
    10   1.4260   0.5081   0.4615   1.0358   0.0000   3.9019
    15   1.2565   0.5938   0.6285   0.8777   0.0000   3.7879
    20   1.1490   0.6656   0.6180   0.7777   0.0000   3.7133
    25   1.0533   0.6686   0.6439   0.6870   0.0000   3.6625
    30   0.9562   0.6279   0.6109   0.5922   0.0000   3.6396
    35   0.9316   0.6452   0.6336   0.5686   0.0000   3.6301
    39   0.9125   0.6504   0.6291   0.5498   0.0000   3.6271
  [fold 1] WA 0.6443  WF1 0.6439  UF1 0.6321  (best ep 25)

  Fold 2  train=96 dev=24 convs
    Ep   TrLoss   DevWF1    TeWF1       CE       FC       CL
     0   2.3923   0.0491   0.0992   2.3011   0.0000   4.5569
     5   1.7535   0.4147   0.3385   1.3505   0.0000   4.0292
    10   1.5801   0.5322   0.5361   1.1848   0.0000   3.9527
    15   1.3304   0.5796   0.5674   0.9417   0.0000   3.8867
    20   1.1693   0.5681   0.5785   0.7904   0.0000   3.7890
    25   1.0485   0.5830   0.6019   0.6763   0.0000   3.7219
    30   0.9357   0.6265   0.6449   0.5673   0.0000   3.6842
    35   0.8925   0.6305   0.6483   0.5256   0.0000   3.6693
    39   0.8794   0.6271   0.6342   0.5126   0.0000   3.6679
  [fold 2] WA 0.6264  WF1 0.6256  UF1 0.6147  (best ep 28)

  Fold 3  train=96 dev=24 convs
    Ep   TrLoss   DevWF1    TeWF1       CE       FC       CL
     0   2.8089   0.0422   0.0199   2.7172   0.0000   4.5844
     5   1.8988   0.2993   0.2549   1.4955   0.0000   4.0329
