Run directory: results/meld_20260526_174012
Building MELD speaker map from train split…
  speakers: 113 (112 regular + 1 background)
Loading MELD datasets…
  train: 968  dev: 108  test: 268 convs
  trainable parameters: 269,674

  Ep   TrLoss   DevLoss   DevWF1   DevUF1    TeWF1
--------------------------------------------------------
   0   1.5552    1.4690   0.3762   0.2012   0.4290
   1   1.4394    1.4244   0.4169   0.2402   0.4529
   2   1.3727    1.4392   0.4077   0.2268   0.4405
   3   1.3474    1.3884   0.4664   0.2945   0.4768
   4   1.3242    1.3873   0.4647   0.2926   0.4707
   5   1.2939    1.4362   0.4279   0.2616   0.4290
   6   0.9431    1.0155   0.4653   0.3014   0.4820
   7   0.6465    0.7373   0.4602   0.2900   0.4840
   8   0.4121    0.4997   0.4564   0.2971   0.4885
   9   0.2237    0.2866   0.4672   0.3139   0.4872
  10   0.0637    0.0865   0.4010   0.3095   0.4180
  11   0.0598    0.0854   0.4128   0.3186   0.4350
  12   0.0580    0.0835   0.3974   0.3092   0.4224
  13   0.0564    0.0867   0.3923   0.3098   0.4001
  14   0.0559    0.0865   0.3696   0.2903   0.3853
  15   0.0542    0.0877   0.3825   0.2991   0.3990
  16   0.0518    0.0913   0.3755   0.2880   0.3985
  17   0.0526    0.0932   0.3303   0.2779   0.3469
  18   0.0498    0.0923   0.3758   0.3005   0.3858
  19   0.0481    0.0958   0.3712   0.2949   0.3895
  20   0.0470    0.0940   0.3438   0.2796   0.3618
  21   0.0472    0.0977   0.3628   0.2974   0.3767
  22   0.0442    0.1026   0.3421   0.2726   0.3540
  23   0.0435    0.1062   0.3564   0.2906   0.3808
  24   0.0433    0.0985   0.3969   0.3073   0.4061

Best ep 9 | dev WF1 0.4672
  [fold 0] WA 0.5181  WF1 0.4872  UF1 0.2880  (best ep 9)

  Results saved → results/meld_20260526_174012/results.json

  Metric     Mean      Std      Min      Max
  --------------------------------------
  WA       0.5181   0.0000   0.5181   0.5181
  WF1      0.4872   0.0000   0.4872   0.4872
  UF1      0.2880   0.0000   0.2880   0.2880

  Per-class F1 (mean across folds):
    neutral       0.6778
    joy           0.3823
    surprise      0.3080
    anger         0.3743
    sadness       0.2369
    disgust       0.0000
    fear          0.0364
