Run directory: results/meld_20260526_163810
Building MELD speaker map from train split…
  speakers: 113 (112 regular + 1 background)
Loading MELD datasets…
  train: 968  dev: 108  test: 268 convs
  trainable parameters: 1,016,493

  Ep   TrLoss   DevLoss   DevWF1   DevUF1    TeWF1
--------------------------------------------------------
   0   1.5669    1.5319   0.3446   0.1688   0.3820
   1   1.4566    1.4411   0.4039   0.2307   0.4414
   2   1.3971    1.4062   0.4260   0.2636   0.4489
   3   1.3608    1.4454   0.4203   0.2426   0.4368
   4   1.3289    1.4388   0.4174   0.2430   0.4378
   5   1.3072    1.3752   0.4684   0.3101   0.4798
   6   0.9337    1.0114   0.4488   0.2793   0.4752
   7   0.6439    0.7302   0.4571   0.2902   0.4526
   8   0.4034    0.4812   0.4829   0.3217   0.4761
   9   0.2100    0.2797   0.4742   0.3219   0.4860
  10   0.0541    0.0869   0.4079   0.3088   0.4089
  11   0.0493    0.0854   0.4106   0.3073   0.4201
  12   0.0453    0.0905   0.4109   0.3181   0.4173
  13   0.0416    0.0874   0.4068   0.3206   0.4218
  14   0.0385    0.0977   0.4164   0.3258   0.4106
  15   0.0368    0.1028   0.3922   0.3039   0.3983
  16   0.0333    0.1031   0.3870   0.3049   0.3723
  17   0.0324    0.1098   0.3937   0.3040   0.3825
  18   0.0302    0.1117   0.4011   0.3040   0.3976
  19   0.0304    0.1098   0.4076   0.3268   0.3885
  20   0.0262    0.1200   0.4094   0.3257   0.4046
  21   0.0246    0.1203   0.3889   0.2996   0.3946
  22   0.0209    0.1345   0.4176   0.3125   0.4236
  23   0.0209    0.1354   0.4018   0.2992   0.4318
  24   0.0207    0.1363   0.4142   0.3119   0.4130
  25   0.0212    0.1456   0.3896   0.2946   0.3975
  26   0.0201    0.1385   0.3907   0.3015   0.4053
  27   0.0170    0.1396   0.4017   0.3072   0.4022
  28   0.0145    0.1538   0.3863   0.2947   0.3981
  29   0.0161    0.1523   0.3790   0.2860   0.4123
  30   0.0176    0.1517   0.3885   0.3032   0.4022
  31   0.0160    0.1507   0.3923   0.2814   0.4177
  32   0.0158    0.1629   0.3985   0.3106   0.4023
  33   0.0143    0.1647   0.4043   0.2993   0.4064
  34   0.0153    0.1581   0.3747   0.2820   0.3911
  35   0.0131    0.1684   0.4111   0.3023   0.4271
  36   0.0117    0.1804   0.3939   0.2892   0.4104
  37   0.0116    0.1724   0.4008   0.2997   0.4109
  38   0.0140    0.1773   0.3688   0.2733   0.3690
  39   0.0140    0.1721   0.3959   0.2918   0.4025
  40   0.0118    0.1697   0.3937   0.2978   0.4065
  41   0.0099    0.1935   0.4193   0.2941   0.4316
  42   0.0090    0.1781   0.4112   0.3032   0.4226
  43   0.0076    0.1916   0.4110   0.3009   0.4186
  44   0.0082    0.1926   0.4301   0.3218   0.4321
  45   0.0100    0.1912   0.3880   0.2888   0.4233
  46   0.0172    0.1641   0.4101   0.3047   0.4236
  47   0.0133    0.1668   0.4233   0.3342   0.4287
  48   0.0096    0.1777   0.4020   0.3039   0.4136
  49   0.0109    0.1845   0.4168   0.2958   0.4283
  50   0.0083    0.1763   0.3918   0.2858   0.4059
  51   0.0088    0.1944   0.4204   0.2985   0.4273
  52   0.0071    0.1905   0.4126   0.2911   0.4347
  53   0.0058    0.1988   0.4259   0.3082   0.4183
  54   0.0060    0.2084   0.4418   0.3199   0.4203
  55   0.0066    0.2082   0.4125   0.2986   0.4221
  56   0.0065    0.2141   0.4271   0.2992   0.4423
  57   0.0052    0.2070   0.4021   0.2914   0.4254
  58   0.0064    0.2031   0.4261   0.3132   0.4366
  59   0.0097    0.2019   0.4192   0.2967   0.4166

Best ep 8 | dev WF1 0.4829
  [fold 0] WA 0.5096  WF1 0.4761  UF1 0.2725  (best ep 8)

  Results saved → results/meld_20260526_163810/results.json

  Metric     Mean      Std      Min      Max
  --------------------------------------
  WA       0.5096   0.0000   0.5096   0.5096
  WF1      0.4761   0.0000   0.4761   0.4761
  UF1      0.2725   0.0000   0.2725   0.2725

  Per-class F1 (mean across folds):
    neutral       0.6657
    joy           0.3639
    surprise      0.3043
    anger         0.4039
    sadness       0.1697
    disgust       0.0000
    fear          0.0000
