Run directory: results/meld_20260526_180135
Building MELD speaker map from train split…
  speakers: 113 (112 regular + 1 background)
Loading MELD datasets…
  train: 968  dev: 108  test: 268 convs
  trainable parameters: 1,016,493

  Ep   TrLoss   DevLoss   DevWF1   DevUF1    TeWF1
--------------------------------------------------------
   0   1.5669    1.5319   0.3446   0.1688   0.3820
   1   1.4566    1.4411   0.4039   0.2307   0.4414
   2   1.3971    1.4062   0.4260   0.2636   0.4489
   3   1.3608    1.4454   0.4203   0.2426   0.4368
   4   1.3289    1.4388   0.4174   0.2430   0.4378
   5   1.3072    1.3752   0.4684   0.3101   0.4798
   6   0.9337    1.0114   0.4488   0.2793   0.4752
   7   0.6439    0.7302   0.4571   0.2902   0.4526
   8   0.4034    0.4812   0.4829   0.3217   0.4761
   9   0.2100    0.2797   0.4742   0.3219   0.4860
  10   0.0541    0.0869   0.4079   0.3088   0.4089
  11   0.0493    0.0854   0.4106   0.3073   0.4201
  12   0.0453    0.0905   0.4109   0.3181   0.4173
  13   0.0416    0.0874   0.4068   0.3206   0.4218
  14   0.0385    0.0977   0.4164   0.3258   0.4106
  15   0.0368    0.1028   0.3922   0.3039   0.3983
  16   0.0333    0.1031   0.3870   0.3049   0.3723
  17   0.0324    0.1098   0.3937   0.3040   0.3825
  18   0.0302    0.1117   0.4011   0.3040   0.3976
  19   0.0304    0.1098   0.4076   0.3268   0.3885
  20   0.0262    0.1200   0.4094   0.3257   0.4046
  21   0.0246    0.1203   0.3889   0.2996   0.3946
  22   0.0209    0.1345   0.4176   0.3125   0.4236
  23   0.0209    0.1354   0.4018   0.2992   0.4318
  24   0.0207    0.1363   0.4142   0.3119   0.4130

Best ep 8 | dev WF1 0.4829
  [fold 0] WA 0.5096  WF1 0.4761  UF1 0.2725  (best ep 8)

  Results saved → results/meld_20260526_180135/results.json

  Metric     Mean      Std      Min      Max
  --------------------------------------
  WA       0.5096   0.0000   0.5096   0.5096
  WF1      0.4761   0.0000   0.4761   0.4761
  UF1      0.2725   0.0000   0.2725   0.2725

  Per-class F1 (mean across folds):
    neutral       0.6657
    joy           0.3639
    surprise      0.3043
    anger         0.4039
    sadness       0.1697
    disgust       0.0000
    fear          0.0000
