Run directory: results/iemocap_20260526_224613
Loading IEMOCAP features…
  trainval: 120 convs  |  test: 31 convs
  trainable parameters: 13,533,975

  Fold 0  train=96 dev=24 convs
    Ep   TrLoss   DevWF1    TeWF1       CE       FC       CL
     0   2.6780   0.0285   0.0614   2.5859   0.0000   4.6029
     5   1.7670   0.4150   0.4190   1.3619   0.0000   4.0510
    10   1.4945   0.5140   0.5225   1.0960   0.0000   3.9847
    15   1.3611   0.5584   0.5774   0.9651   0.0000   3.9606
    20   1.2309   0.5512   0.5631   0.8393   0.0000   3.9162
    25   1.1241   0.5848   0.6259   0.7352   0.0000   3.8895
    30   1.0288   0.6254   0.6073   0.6420   0.0000   3.8683
    35   0.9851   0.6142   0.6119   0.5997   0.0000   3.8542
    39   0.9747   0.6169   0.6198   0.5896   0.0000   3.8514
  [fold 0] WA 0.6073  WF1 0.6073  UF1 0.5931  (best ep 30)

=======================================================
  5-fold CV — Session-5 test
=======================================================

  Results saved → results/iemocap_20260526_224613/results.json

  Metric     Mean      Std      Min      Max
  --------------------------------------
  WA       0.6073   0.0000   0.6073   0.6073
  WF1      0.6073   0.0000   0.6073   0.6073
  UF1      0.5931   0.0000   0.5931   0.5931

  Per-class F1 (mean across folds):
    hap           0.4606
    sad           0.5660
    neu           0.6478
    ang           0.6380
    exc           0.6287
    fru           0.6175
