Run directory: results/iemocap_20260526_230715
Loading IEMOCAP features…
  trainval: 120 convs  |  test: 31 convs
  trainable parameters: 3,822,615

  Fold 0  train=96 dev=24 convs
    Ep   TrLoss   DevWF1    TeWF1       CE       FC       CL
     0   4.2901   0.0334   0.0712   2.1311   2.5835   4.6061
     5   2.3522   0.3214   0.3273   1.5595   0.4694   4.1718
    10   2.4008   0.4727   0.4517   1.2221   0.9663   4.0561
    15   2.1886   0.5530   0.6037   1.0337   0.9433   4.0022
    20   2.1151   0.5500   0.6270   0.9164   1.0038   3.9558
    25   2.3062   0.5835   0.6184   0.8581   1.3199   3.9216
    30   2.2388   0.5902   0.6170   0.7933   1.3190   3.9036
    35   2.2423   0.6058   0.6318   0.7599   1.3663   3.8934
    39   2.2274   0.6100   0.6338   0.7625   1.3446   3.8914
  [fold 0] WA 0.6245  WF1 0.6295  UF1 0.6131  (best ep 26)

=======================================================
  5-fold CV — Session-5 test
=======================================================

  Results saved → results/iemocap_20260526_230715/results.json

  Metric     Mean      Std      Min      Max
  --------------------------------------
  WA       0.6245   0.0000   0.6245   0.6245
  WF1      0.6295   0.0000   0.6295   0.6295
  UF1      0.6131   0.0000   0.6131   0.6131

  Per-class F1 (mean across folds):
    hap           0.4302
    sad           0.6444
    neu           0.6619
    ang           0.6388
    exc           0.7032
    fru           0.6003
