Run directory: results/meld_20260526_173234
Building MELD speaker map from train split…
  speakers: 113 (112 regular + 1 background)
Loading MELD datasets…
  train: 968  dev: 108  test: 268 convs
  trainable parameters: 282,778

  Ep   TrLoss   DevLoss   DevWF1   DevUF1    TeWF1
--------------------------------------------------------
   0   1.6009    1.6560   0.2513   0.0849   0.3126
   1   1.5543    1.6613   0.2597   0.0920   0.3180
   2   1.5356    1.6347   0.2531   0.0866   0.3174
   3   1.5172    1.5902   0.2553   0.0884   0.3190
   4   1.5111    1.6085   0.2556   0.0887   0.3151
   5   1.4999    1.5903   0.2625   0.0951   0.3231
   6   1.1050    1.1859   0.2743   0.1085   0.3385
   7   0.7873    0.8521   0.2721   0.1055   0.3243
   8   0.5171    0.5649   0.3082   0.1410   0.3508
   9   0.2874    0.3207   0.3032   0.1370   0.3581
  10   0.0820    0.0944   0.2526   0.1953   0.2933
  11   0.0788    0.0940   0.2430   0.1863   0.2771
  12   0.0787    0.0948   0.2322   0.1835   0.2725
  13   0.0780    0.0936   0.2511   0.2031   0.2805
  14   0.0767    0.0961   0.2454   0.1928   0.2616
  15   0.0762    0.0989   0.2719   0.2030   0.2843
  16   0.0762    0.0936   0.2346   0.1982   0.2510
  17   0.0756    0.0951   0.2314   0.1905   0.2491
  18   0.0750    0.0970   0.2628   0.2026   0.2657
  19   0.0743    0.0975   0.2192   0.1858   0.2281
  20   0.0735    0.1005   0.2491   0.1952   0.2527
  21   0.0714    0.1001   0.2329   0.1933   0.2466
  22   0.0724    0.0977   0.2365   0.1987   0.2348
  23   0.0716    0.0964   0.2323   0.1872   0.2706
  24   0.0715    0.0986   0.2362   0.2006   0.2535

Best ep 8 | dev WF1 0.3082
  [fold 0] WA 0.4804  WF1 0.3508  UF1 0.1339  (best ep 8)

  Results saved → results/meld_20260526_173234/results.json

  Metric     Mean      Std      Min      Max
  --------------------------------------
  WA       0.4804   0.0000   0.4804   0.4804
  WF1      0.3508   0.0000   0.3508   0.3508
  UF1      0.1339   0.0000   0.1339   0.1339

  Per-class F1 (mean across folds):
    neutral       0.6514
    joy           0.1280
    surprise      0.0708
    anger         0.0606
    sadness       0.0262
    disgust       0.0000
    fear          0.0000
