Run directory: results/meld_20260526_175454
Building MELD speaker map from train split…
  speakers: 113 (112 regular + 1 background)
Loading MELD datasets…
  train: 968  dev: 108  test: 268 convs
  trainable parameters: 163,293

  Ep   TrLoss   DevLoss   DevWF1   DevUF1    TeWF1
--------------------------------------------------------
   0   1.5791    1.6079   0.2513   0.0849   0.3126
   1   1.5019    1.4958   0.3395   0.1689   0.3865
   2   1.4502    1.4548   0.3695   0.1944   0.3980
   3   1.4157    1.4417   0.3916   0.2121   0.4172
   4   1.3864    1.4028   0.4291   0.2544   0.4351
   5   1.3536    1.3725   0.4680   0.2934   0.4779
   6   0.9848    0.9963   0.4692   0.2950   0.4588
   7   0.6837    0.7358   0.4581   0.2863   0.4464
   8   0.4394    0.4838   0.4714   0.3083   0.4808
   9   0.2421    0.2769   0.4731   0.3114   0.4759
  10   0.0702    0.0828   0.4219   0.3163   0.4179
  11   0.0657    0.0807   0.3986   0.3053   0.3868
  12   0.0652    0.0818   0.4113   0.3161   0.3940
  13   0.0635    0.0835   0.3806   0.3066   0.3589
  14   0.0622    0.0852   0.4202   0.3153   0.4088
  15   0.0610    0.0819   0.3841   0.3031   0.3945
  16   0.0604    0.0830   0.4162   0.3173   0.4229
  17   0.0589    0.0811   0.3880   0.3021   0.3787
  18   0.0591    0.0841   0.3795   0.2999   0.3703
  19   0.0567    0.0865   0.4194   0.3134   0.4187
  20   0.0551    0.0846   0.3201   0.2742   0.3299
  21   0.0556    0.0818   0.3797   0.2999   0.3965
  22   0.0536    0.0879   0.2639   0.2307   0.2701
  23   0.0526    0.0868   0.4076   0.3049   0.4033
  24   0.0526    0.0898   0.3992   0.3042   0.4133

Best ep 9 | dev WF1 0.4731
  [fold 0] WA 0.5081  WF1 0.4759  UF1 0.2769  (best ep 9)

  Results saved → results/meld_20260526_175454/results.json

  Metric     Mean      Std      Min      Max
  --------------------------------------
  WA       0.5081   0.0000   0.5081   0.5081
  WF1      0.4759   0.0000   0.4759   0.4759
  UF1      0.2769   0.0000   0.2769   0.2769

  Per-class F1 (mean across folds):
    neutral       0.6748
    joy           0.3458
    surprise      0.3169
    anger         0.3059
    sadness       0.2947
    disgust       0.0000
    fear          0.0000
