Run directory: results/meld_20260526_174209
Building MELD speaker map from train split…
  speakers: 113 (112 regular + 1 background)
Loading MELD datasets…
  train: 968  dev: 108  test: 268 convs
  trainable parameters: 339,853

  Ep   TrLoss   DevLoss   DevWF1   DevUF1    TeWF1
--------------------------------------------------------
   0   1.5839    1.5560   0.2744   0.1067   0.3280
   1   1.4831    1.4546   0.3874   0.2120   0.4140
   2   1.4282    1.4235   0.3960   0.2226   0.4213
   3   1.3779    1.4112   0.3877   0.2136   0.4147
   4   1.3545    1.3791   0.4388   0.2676   0.4463
   5   1.3172    1.4638   0.4257   0.2541   0.4418
   6   0.9519    1.0085   0.4491   0.2798   0.4621
   7   0.6586    0.7290   0.4625   0.2924   0.4846
   8   0.4174    0.4815   0.4556   0.2883   0.4727
   9   0.2256    0.2750   0.4839   0.3371   0.4992
  10   0.0638    0.0832   0.4066   0.3113   0.4323
  11   0.0596    0.0839   0.3941   0.3156   0.3856
  12   0.0585    0.0861   0.4001   0.3154   0.4126
  13   0.0564    0.0863   0.3885   0.3106   0.3915
  14   0.0551    0.0873   0.4064   0.3165   0.4254
  15   0.0537    0.0897   0.3969   0.3042   0.4155
  16   0.0519    0.0833   0.3417   0.2760   0.3514
  17   0.0515    0.0929   0.4219   0.3198   0.4468
  18   0.0493    0.0912   0.3494   0.2853   0.3828
  19   0.0479    0.0907   0.3843   0.2815   0.4208
  20   0.0468    0.0933   0.3854   0.3001   0.4008
  21   0.0471    0.0922   0.3515   0.2777   0.3665
  22   0.0426    0.0991   0.3430   0.2638   0.3624
  23   0.0431    0.1032   0.3649   0.2798   0.3892
  24   0.0399    0.1050   0.3635   0.2888   0.3665

Best ep 9 | dev WF1 0.4839
  [fold 0] WA 0.5196  WF1 0.4992  UF1 0.3135  (best ep 9)

  Results saved → results/meld_20260526_174209/results.json

  Metric     Mean      Std      Min      Max
  --------------------------------------
  WA       0.5196   0.0000   0.5196   0.5196
  WF1      0.4992   0.0000   0.4992   0.4992
  UF1      0.3135   0.0000   0.3135   0.3135

  Per-class F1 (mean across folds):
    neutral       0.6743
    joy           0.4084
    surprise      0.3304
    anger         0.3889
    sadness       0.2876
    disgust       0.0000
    fear          0.1053
