Run directory: results/meld_20260526_172530
Building MELD speaker map from train split…
  speakers: 113 (112 regular + 1 background)
Loading MELD datasets…
  train: 968  dev: 108  test: 268 convs
  trainable parameters: 381,133

  Ep   TrLoss   DevLoss   DevWF1   DevUF1    TeWF1
--------------------------------------------------------
   0   1.5834    1.5462   0.2513   0.0849   0.3126
   1   1.4784    1.5168   0.4199   0.2500   0.4308
   2   1.4175    1.4244   0.4383   0.2642   0.4614
   3   1.3758    1.4016   0.4457   0.2808   0.4681
   4   1.3435    1.4464   0.4168   0.2380   0.4522
   5   1.3206    1.3803   0.4674   0.3008   0.4757
   6   0.9456    1.0159   0.4700   0.3005   0.4825
   7   0.6615    0.7214   0.4806   0.3145   0.4832
   8   0.4174    0.4770   0.4685   0.2987   0.4795
   9   0.2268    0.2771   0.4904   0.3321   0.4936
  10   0.0641    0.0845   0.4392   0.3376   0.4478
  11   0.0598    0.0822   0.4228   0.3284   0.4400
  12   0.0576    0.0832   0.4117   0.3266   0.4228
  13   0.0553    0.0860   0.3674   0.3010   0.3918
  14   0.0542    0.0844   0.3966   0.3174   0.4216
  15   0.0510    0.0940   0.3687   0.3038   0.3855
  16   0.0492    0.0935   0.4458   0.3220   0.4538
  17   0.0479    0.0981   0.3753   0.2837   0.3999
  18   0.0469    0.0896   0.3868   0.3189   0.3923
  19   0.0437    0.0950   0.3500   0.2912   0.3680
  20   0.0422    0.1002   0.3662   0.3037   0.3973
  21   0.0424    0.1004   0.3518   0.2885   0.3687
  22   0.0387    0.1031   0.4068   0.3048   0.4160
  23   0.0365    0.1096   0.3253   0.2649   0.3456
  24   0.0362    0.1104   0.3441   0.2803   0.3688

Best ep 9 | dev WF1 0.4904
  [fold 0] WA 0.5154  WF1 0.4936  UF1 0.3011  (best ep 9)

  Results saved → results/meld_20260526_172530/results.json

  Metric     Mean      Std      Min      Max
  --------------------------------------
  WA       0.5154   0.0000   0.5154   0.5154
  WF1      0.4936   0.0000   0.4936   0.4936
  UF1      0.3011   0.0000   0.3011   0.3011

  Per-class F1 (mean across folds):
    neutral       0.6752
    joy           0.3895
    surprise      0.3132
    anger         0.3654
    sadness       0.3271
    disgust       0.0000
    fear          0.0370
